<?xml version="1.0" encoding="UTF-8"?>
<!-- Generated by org.testng.reporters.JUnitReportReporter -->
<testsuite hostname="PravinKadwe" failures="0" tests="1" name="testMethods.RegistrationTest" time="71.451" errors="0" timestamp="2022-05-13T11:17:49 IST" skipped="0">
  <testcase classname="testMethods.RegistrationTest" name="RegistrationTestMethod" time="71.451"/>
  <system-out/>
</testsuite> <!-- testMethods.RegistrationTest -->
