<?xml version="1.0" encoding="UTF-8"?>
<!-- Generated by org.testng.reporters.JUnitReportReporter -->
<testsuite hostname="PravinKadwe" failures="0" tests="1" name="testMethods.KycUpdateTest" time="101.668" errors="0" timestamp="2022-05-13T12:30:24 IST" skipped="0">
  <testcase classname="testMethods.KycUpdateTest" name="KycUpdateTestMethod" time="101.668"/>
  <system-out/>
</testsuite> <!-- testMethods.KycUpdateTest -->
