<?xml version="1.0" encoding="UTF-8"?>
<!-- Generated by org.testng.reporters.JUnitReportReporter -->
<testsuite hostname="PravinKadwe" failures="0" tests="1" name="testMethods.LoginTest" time="31.439" errors="0" timestamp="2022-05-12T17:51:45 IST" skipped="0">
  <testcase classname="testMethods.LoginTest" name="LoginTestMethod" time="31.439"/>
  <system-out/>
</testsuite> <!-- testMethods.LoginTest -->
